[asesoriabeca18.web.app/calculadoras/seleccion.html]
[pagead2.googlesyndication.com/pagead/js/f6881.txt]
[backblue.gif]
[fade.gif]
[index.html]
[asesoriabeca18.web.app/assets/images/logos/JS32.png]
[asesoriabeca18.web.app/assets/images/logos/JS16.png]
[asesoriabeca18.web.app/assets/images/logos/JS.png]
[cdn.jsdelivr.net/npm/bootstrap@5.3.0-alpha1/dist/css/bootstrap.min.css]
[cdnjs.cloudflare.com/ajax/libs/font-awesome/6.0.0-beta3/css/all.min.css]
[cdnjs.cloudflare.com/ajax/libs/html2canvas/1.3.2/html2canvas.min.js]
[cdnjs.cloudflare.com/ajax/libs/jspdf/2.5.1/jspdf.umd.min.js]
[asesoriabeca18.web.app/assets/css/main.css]
[asesoriabeca18.web.app/assets/css/components/header.css]
[asesoriabeca18.web.app/assets/css/components/footer.css]
[asesoriabeca18.web.app/assets/css/components/buttons.css]
[asesoriabeca18.web.app/assets/css/components/cards.css]
[asesoriabeca18.web.app/assets/css/pages/calculadoras.css]
[cdn.jsdelivr.net/npm/bootstrap@5.3.0-alpha1/dist/js/bootstrap.bundle.min.js]
[asesoriabeca18.web.app/assets/js/components/header.js]
[asesoriabeca18.web.app/assets/js/common.js]
[asesoriabeca18.web.app/calculadoras/seleccion.html]
[cdn.jsdelivr.net/npm/bootstrap@5.3.0-alpha1/dist/css/bootstrap.min.css]
[asesoriabeca18.web.app/assets/js/pages/calculadora-seleccion.js]
[fonts.googleapis.com/css2.7b65f.delayed]
[cdnjs.cloudflare.com/ajax/libs/font-awesome/6.0.0-beta3/css/all.min.css]
[asesoriabeca18.web.app/assets/css/main.css]
[asesoriabeca18.web.app/assets/css/components/header.css]
[asesoriabeca18.web.app/assets/css/components/footer.css]
[asesoriabeca18.web.app/assets/css/components/buttons.css]
[asesoriabeca18.web.app/assets/css/components/cards.css]
[asesoriabeca18.web.app/assets/css/pages/calculadoras.css]
